        -:    0:Source:dominion.c
        -:    0:Graph:dominion.gcno
        -:    0:Data:dominion.gcda
        -:    0:Runs:3
        -:    0:Programs:3
        -:    1:#include "dominion.h"
        -:    2:#include "dominion_helpers.h"
        -:    3:#include "rngs.h"
        -:    4:#include <stdio.h>
        -:    5:#include <math.h>
        -:    6:#include <stdlib.h>
        -:    7:
function compare called 3981895 returned 100% blocks executed 100%
  3981895:    8:int compare(const void* a, const void* b) {
  3981895:    9:  if (*(int*)a > *(int*)b)
branch  0 taken 21% (fallthrough)
branch  1 taken 79%
   830155:   10:	return 1;
  3151740:   11:  if (*(int*)a < *(int*)b)
branch  0 taken 25% (fallthrough)
branch  1 taken 75%
   803687:   12:	return -1;
  2348053:   13:  return 0;
        -:   14:}
        -:   15:
function newGame called 0 returned 0% blocks executed 0%
    #####:   16:struct gameState* newGame() {
    #####:   17:  struct gameState* g = malloc(sizeof(struct gameState));
    #####:   18:  return g;
        -:   19:}
        -:   20:
function kingdomCards called 0 returned 0% blocks executed 0%
    #####:   21:int* kingdomCards(int k1, int k2, int k3, int k4, int k5, int k6, int k7,
        -:   22:		  int k8, int k9, int k10) {
    #####:   23:  int* k = malloc(10 * sizeof(int));
    #####:   24:  k[0] = k1;
    #####:   25:  k[1] = k2;
    #####:   26:  k[2] = k3;
    #####:   27:  k[3] = k4;
    #####:   28:  k[4] = k5;
    #####:   29:  k[5] = k6;
    #####:   30:  k[6] = k7;
    #####:   31:  k[7] = k8;
    #####:   32:  k[8] = k9;
    #####:   33:  k[9] = k10;
    #####:   34:  return k;
        -:   35:}
        -:   36:
function initializeGame called 60000 returned 100% blocks executed 94%
    60000:   37:int initializeGame(int numPlayers, int kingdomCards[10], int randomSeed,
        -:   38:		   struct gameState *state) {
        -:   39:
        -:   40:  int i;
        -:   41:  int j;
        -:   42:  int it;			
        -:   43:  //set up random number generator
    60000:   44:  SelectStream(1);
call    0 returned 100%
    60000:   45:  PutSeed((long)randomSeed);
call    0 returned 100%
        -:   46:  
        -:   47:  //check number of players
    60000:   48:  if (numPlayers > MAX_PLAYERS || numPlayers < 2)
branch  0 taken 100% (fallthrough)
branch  1 taken 0%
branch  2 taken 0% (fallthrough)
branch  3 taken 100%
        -:   49:	{
    #####:   50:	  return -1;
        -:   51:	}
        -:   52:
        -:   53:  //set number of players
    60000:   54:  state->numPlayers = numPlayers;
        -:   55:
        -:   56:  //check selected kingdom cards are different
   660000:   57:  for (i = 0; i < 10; i++)
branch  0 taken 91%
branch  1 taken 9% (fallthrough)
        -:   58:	{
  6600000:   59:	  for (j = 0; j < 10; j++)
branch  0 taken 91%
branch  1 taken 9% (fallthrough)
        -:   60:		{
  6000000:   61:	  if (j != i && kingdomCards[j] == kingdomCards[i])
branch  0 taken 90% (fallthrough)
branch  1 taken 10%
branch  2 taken 0% (fallthrough)
branch  3 taken 100%
        -:   62:		{
    #####:   63:		  return -1;
        -:   64:		}
        -:   65:		}
        -:   66:	}
        -:   67:
        -:   68:
        -:   69:  //initialize supply
        -:   70:  ///////////////////////////////
        -:   71:
        -:   72:  //set number of Curse cards
    60000:   73:  if (numPlayers == 2)
branch  0 taken 50% (fallthrough)
branch  1 taken 50%
        -:   74:	{
    30051:   75:	  state->supplyCount[curse] = 10;
        -:   76:	}
    29949:   77:  else if (numPlayers == 3)
branch  0 taken 100% (fallthrough)
branch  1 taken 0%
        -:   78:	{
    29949:   79:	  state->supplyCount[curse] = 20;
        -:   80:	}
        -:   81:  else
        -:   82:	{
    #####:   83:	  state->supplyCount[curse] = 30;
        -:   84:	}
        -:   85:
        -:   86:  //set number of Victory cards
    60000:   87:  if (numPlayers == 2)
branch  0 taken 50% (fallthrough)
branch  1 taken 50%
        -:   88:	{
    30051:   89:	  state->supplyCount[estate] = 8;
    30051:   90:	  state->supplyCount[duchy] = 8;
    30051:   91:	  state->supplyCount[province] = 8;
        -:   92:	}
        -:   93:  else
        -:   94:	{
    29949:   95:	  state->supplyCount[estate] = 12;
    29949:   96:	  state->supplyCount[duchy] = 12;
    29949:   97:	  state->supplyCount[province] = 12;
        -:   98:	}
        -:   99:
        -:  100:  //set number of Treasure cards
    60000:  101:  state->supplyCount[copper] = 60 - (7 * numPlayers);
    60000:  102:  state->supplyCount[silver] = 40;
    60000:  103:  state->supplyCount[gold] = 30;
        -:  104:
        -:  105:  //set number of Kingdom cards
  1260000:  106:  for (i = adventurer; i <= treasure_map; i++)			//loop all cards
branch  0 taken 95%
branch  1 taken 5% (fallthrough)
        -:  107:	{
  9900000:  108:	  for (j = 0; j < 10; j++)					//loop chosen cards
branch  0 taken 94%
branch  1 taken 6% (fallthrough)
        -:  109:	{
  9300000:  110:	  if (kingdomCards[j] == i)
branch  0 taken 6% (fallthrough)
branch  1 taken 94%
        -:  111:		{
        -:  112:		  //check if card is a 'Victory' Kingdom card
   600000:  113:		  if (kingdomCards[j] == great_hall || kingdomCards[j] == gardens)
branch  0 taken 95% (fallthrough)
branch  1 taken 5%
branch  2 taken 5% (fallthrough)
branch  3 taken 95%
        -:  114:		{
   120044:  115:		  if (numPlayers == 2){ 
branch  0 taken 50% (fallthrough)
branch  1 taken 50%
    30091:  116:			state->supplyCount[i] = 8; 
        -:  117:		  }
    29931:  118:		  else{ state->supplyCount[i] = 12; }
        -:  119:		}
        -:  120:		  else
        -:  121:		{
   539978:  122:		  state->supplyCount[i] = 10;
        -:  123:		}
   600000:  124:		  break;
        -:  125:		}
        -:  126:	  else	  //card is not in the set choosen for the game
        -:  127:		{
  8700000:  128:		  state->supplyCount[i] = -1;
        -:  129:		}
        -:  130:	}
        -:  131:
        -:  132:	}
        -:  133:
        -:  134:  ////////////////////////
        -:  135:  //supply intilization complete
        -:  136:
        -:  137:  //set player decks
   209949:  138:  for (i = 0; i < numPlayers; i++)
branch  0 taken 71%
branch  1 taken 29% (fallthrough)
        -:  139:	{
   149949:  140:	  state->deckCount[i] = 0;
   599796:  141:	  for (j = 0; j < 3; j++)
branch  0 taken 75%
branch  1 taken 25% (fallthrough)
        -:  142:	{
   449847:  143:	  state->deck[i][j] = estate;
   449847:  144:	  state->deckCount[i]++;
        -:  145:	}
  1199592:  146:	  for (j = 3; j < 10; j++)
branch  0 taken 88%
branch  1 taken 13% (fallthrough)
        -:  147:	{
  1049643:  148:	  state->deck[i][j] = copper;
  1049643:  149:	  state->deckCount[i]++;		
        -:  150:	}
        -:  151:	}
        -:  152:
        -:  153:  //shuffle player decks
   209949:  154:  for (i = 0; i < numPlayers; i++)
branch  0 taken 71%
branch  1 taken 29% (fallthrough)
        -:  155:	{
   149949:  156:	  if ( shuffle(i, state) < 0 )
call    0 returned 100%
branch  1 taken 0% (fallthrough)
branch  2 taken 100%
        -:  157:	{
    #####:  158:	  return -1;
        -:  159:	}
        -:  160:	}
        -:  161:
        -:  162:  //draw player hands
   209949:  163:  for (i = 0; i < numPlayers; i++)
branch  0 taken 71%
branch  1 taken 29% (fallthrough)
        -:  164:	{  
        -:  165:	  //initialize hand size to zero
   149949:  166:	  state->handCount[i] = 0;
   149949:  167:	  state->discardCount[i] = 0;
        -:  168:	  //draw 5 cards
        -:  169:	  // for (j = 0; j < 5; j++)
        -:  170:	  //	{
        -:  171:	  //	  drawCard(i, state);
        -:  172:	  //	}
        -:  173:	}
        -:  174:  
        -:  175:  //set embargo tokens to 0 for all supply piles
  1680000:  176:  for (i = 0; i <= treasure_map; i++)
branch  0 taken 96%
branch  1 taken 4% (fallthrough)
        -:  177:	{
  1620000:  178:	  state->embargoTokens[i] = 0;
        -:  179:	}
        -:  180:
        -:  181:  //initialize first player's turn
    60000:  182:  state->outpostPlayed = 0;
    60000:  183:  state->phase = 0;
    60000:  184:  state->numActions = 1;
    60000:  185:  state->numBuys = 1;
    60000:  186:  state->playedCardCount = 0;
    60000:  187:  state->whoseTurn = 0;
    60000:  188:  state->handCount[state->whoseTurn] = 0;
        -:  189:  //int it; move to top
        -:  190:
        -:  191:  //Moved draw cards to here, only drawing at the start of a turn
   360000:  192:  for (it = 0; it < 5; it++){
branch  0 taken 83%
branch  1 taken 17% (fallthrough)
   300000:  193:	drawCard(state->whoseTurn, state);
call    0 returned 100%
        -:  194:  }
        -:  195:
    60000:  196:  updateCoins(state->whoseTurn, state, 0);
call    0 returned 100%
        -:  197:
    60000:  198:  return 0;
        -:  199:}
        -:  200:
function shuffle called 152299 returned 100% blocks executed 100%
   152299:  201:int shuffle(int player, struct gameState *state) {
        -:  202: 
        -:  203:
        -:  204:  int newDeck[MAX_DECK];
   152299:  205:  int newDeckPos = 0;
        -:  206:  int card;
        -:  207:  int i;
        -:  208:
   152299:  209:  if (state->deckCount[player] < 1)
branch  0 taken 1% (fallthrough)
branch  1 taken 99%
     1216:  210:	return -1;
   151083:  211:  qsort ((void*)(state->deck[player]), state->deckCount[player], sizeof(int), compare); 
call    0 returned 100%
        -:  212:  /* SORT CARDS IN DECK TO ENSURE DETERMINISM! */
        -:  213:
  2059349:  214:  while (state->deckCount[player] > 0) {
branch  0 taken 92%
branch  1 taken 8% (fallthrough)
  1757183:  215:	card = floor(Random() * state->deckCount[player]);
call    0 returned 100%
  1757183:  216:	newDeck[newDeckPos] = state->deck[player][card];
  1757183:  217:	newDeckPos++;
 25103760:  218:	for (i = card; i < state->deckCount[player]-1; i++) {
branch  0 taken 93%
branch  1 taken 7% (fallthrough)
 23346577:  219:	  state->deck[player][i] = state->deck[player][i+1];
        -:  220:	}
  1757183:  221:	state->deckCount[player]--;
        -:  222:  }
  1908266:  223:  for (i = 0; i < newDeckPos; i++) {
branch  0 taken 92%
branch  1 taken 8% (fallthrough)
  1757183:  224:	state->deck[player][i] = newDeck[i];
  1757183:  225:	state->deckCount[player]++;
        -:  226:  }
        -:  227:
   151083:  228:  return 0;
        -:  229:}
        -:  230:
function playCard called 60000 returned 100% blocks executed 73%
    60000:  231:int playCard(int handPos, int choice1, int choice2, int choice3, struct gameState *state) 
        -:  232:{	
        -:  233:  int card;
    60000:  234:  int coin_bonus = 0;		//tracks coins gain from actions
        -:  235:
        -:  236:  //check if it is the right phase
    60000:  237:  if (state->phase != 0)
branch  0 taken 0% (fallthrough)
branch  1 taken 100%
        -:  238:	{
    #####:  239:	  return -1;
        -:  240:	}
        -:  241:	
        -:  242:  //check if player has enough actions
    60000:  243:  if ( state->numActions < 1 )
branch  0 taken 0% (fallthrough)
branch  1 taken 100%
        -:  244:	{
    #####:  245:	  return -1;
        -:  246:	}
        -:  247:	
        -:  248:  //get card played
    60000:  249:  card = handCard(handPos, state);
call    0 returned 100%
        -:  250:	
        -:  251:  //check if selected card is an action
    60000:  252:  if ( card < adventurer || card > treasure_map )
branch  0 taken 100% (fallthrough)
branch  1 taken 0%
branch  2 taken 0% (fallthrough)
branch  3 taken 100%
        -:  253:	{
    #####:  254:	  return -1;
        -:  255:	}
        -:  256:	
        -:  257:  //play card
    60000:  258:  if ( cardEffect(card, choice1, choice2, choice3, state, handPos, &coin_bonus) < 0 )
call    0 returned 100%
branch  1 taken 0% (fallthrough)
branch  2 taken 100%
        -:  259:	{
    #####:  260:	  return -1;
        -:  261:	}
        -:  262:	
        -:  263:  //reduce number of actions
    60000:  264:  state->numActions--;
        -:  265:
        -:  266:  //update coins (Treasure cards may be added with card draws)
    60000:  267:  updateCoins(state->whoseTurn, state, coin_bonus);
call    0 returned 100%
        -:  268:	
    60000:  269:  return 0;
        -:  270:}
        -:  271:
function buyCard called 0 returned 0% blocks executed 0%
    #####:  272:int buyCard(int supplyPos, struct gameState *state) {
        -:  273:  int who;
        -:  274:  if (DEBUG){
        -:  275:	printf("Entering buyCard...\n");
        -:  276:  }
        -:  277:
        -:  278:  // I don't know what to do about the phase thing.
        -:  279:
    #####:  280:  who = state->whoseTurn;
        -:  281:
    #####:  282:  if (state->numBuys < 1){
branch  0 never executed
branch  1 never executed
        -:  283:	if (DEBUG)
        -:  284:	  printf("You do not have any buys left\n");
    #####:  285:	return -1;
    #####:  286:  } else if (supplyCount(supplyPos, state) <1){
call    0 never executed
branch  1 never executed
branch  2 never executed
        -:  287:	if (DEBUG)
        -:  288:	  printf("There are not any of that type of card left\n");
    #####:  289:	return -1;
    #####:  290:  } else if (state->coins < getCost(supplyPos)){
call    0 never executed
branch  1 never executed
branch  2 never executed
        -:  291:	if (DEBUG) 
        -:  292:	  printf("You do not have enough money to buy that. You have %d coins.\n", state->coins);
    #####:  293:	return -1;
        -:  294:  } else {
    #####:  295:	state->phase=1;
        -:  296:	//state->supplyCount[supplyPos]--;
    #####:  297:	gainCard(supplyPos, state, 0, who); //card goes in discard, this might be wrong.. (2 means goes into hand, 0 goes into discard)
call    0 never executed
        -:  298:  
    #####:  299:	state->coins = (state->coins) - (getCost(supplyPos));
call    0 never executed
    #####:  300:	state->numBuys--;
        -:  301:	if (DEBUG)
        -:  302:	  printf("You bought card number %d for %d coins. You now have %d buys and %d coins.\n", supplyPos, getCost(supplyPos), state->numBuys, state->coins);
        -:  303:  }
        -:  304:
        -:  305:  //state->discard[who][state->discardCount[who]] = supplyPos;
        -:  306:  //state->discardCount[who]++;
        -:  307:	
    #####:  308:  return 0;
        -:  309:}
        -:  310:
function numHandCards called 0 returned 0% blocks executed 0%
    #####:  311:int numHandCards(struct gameState *state) {
    #####:  312:  return state->handCount[ whoseTurn(state) ];
call    0 never executed
        -:  313:}
        -:  314:
function handCard called 60000 returned 100% blocks executed 100%
    60000:  315:int handCard(int handPos, struct gameState *state) {
    60000:  316:  int currentPlayer = whoseTurn(state);
call    0 returned 100%
    60000:  317:  return state->hand[currentPlayer][handPos];
        -:  318:}
        -:  319:
function supplyCount called 0 returned 0% blocks executed 0%
    #####:  320:int supplyCount(int card, struct gameState *state) {
    #####:  321:  return state->supplyCount[card];
        -:  322:}
        -:  323:
function fullDeckCount called 0 returned 0% blocks executed 0%
    #####:  324:int fullDeckCount(int player, int card, struct gameState *state) {
        -:  325:  int i;
    #####:  326:  int count = 0;
        -:  327:
    #####:  328:  for (i = 0; i < state->deckCount[player]; i++)
branch  0 never executed
branch  1 never executed
        -:  329:	{
    #####:  330:	  if (state->deck[player][i] == card) count++;
branch  0 never executed
branch  1 never executed
        -:  331:	}
        -:  332:
    #####:  333:  for (i = 0; i < state->handCount[player]; i++)
branch  0 never executed
branch  1 never executed
        -:  334:	{
    #####:  335:	  if (state->hand[player][i] == card) count++;
branch  0 never executed
branch  1 never executed
        -:  336:	}
        -:  337:
    #####:  338:  for (i = 0; i < state->discardCount[player]; i++)
branch  0 never executed
branch  1 never executed
        -:  339:	{
    #####:  340:	  if (state->discard[player][i] == card) count++;
branch  0 never executed
branch  1 never executed
        -:  341:	}
        -:  342:
    #####:  343:  return count;
        -:  344:}
        -:  345:
function whoseTurn called 120000 returned 100% blocks executed 100%
   120000:  346:int whoseTurn(struct gameState *state) {
   120000:  347:  return state->whoseTurn;
        -:  348:}
        -:  349:
function endTurn called 0 returned 0% blocks executed 0%
    #####:  350:int endTurn(struct gameState *state) {
        -:  351:  int k;
        -:  352:  int i;
    #####:  353:  int currentPlayer = whoseTurn(state);
call    0 never executed
        -:  354:  
        -:  355:  //Discard hand
    #####:  356:  for (i = 0; i < state->handCount[currentPlayer]; i++){
branch  0 never executed
branch  1 never executed
    #####:  357:	state->discard[currentPlayer][state->discardCount[currentPlayer]++] = state->hand[currentPlayer][i];//Discard
    #####:  358:	state->hand[currentPlayer][i] = -1;//Set card to -1
        -:  359:  }
    #####:  360:  state->handCount[currentPlayer] = 0;//Reset hand count
        -:  361:	
        -:  362:  //Code for determining the player
    #####:  363:  if (currentPlayer < (state->numPlayers - 1)){ 
branch  0 never executed
branch  1 never executed
    #####:  364:	state->whoseTurn = currentPlayer + 1;//Still safe to increment
        -:  365:  }
        -:  366:  else{
    #####:  367:	state->whoseTurn = 0;//Max player has been reached, loop back around to player 1
        -:  368:  }
        -:  369:
    #####:  370:  state->outpostPlayed = 0;
    #####:  371:  state->phase = 0;
    #####:  372:  state->numActions = 1;
    #####:  373:  state->coins = 0;
    #####:  374:  state->numBuys = 1;
    #####:  375:  state->playedCardCount = 0;
    #####:  376:  state->handCount[state->whoseTurn] = 0;
        -:  377:
        -:  378:  //int k; move to top
        -:  379:  //Next player draws hand
    #####:  380:  for (k = 0; k < 5; k++){
branch  0 never executed
branch  1 never executed
    #####:  381:	drawCard(state->whoseTurn, state);//Draw a card
call    0 never executed
        -:  382:  }
        -:  383:
        -:  384:  //Update money
    #####:  385:  updateCoins(state->whoseTurn, state , 0);
call    0 never executed
        -:  386:
    #####:  387:  return 0;
        -:  388:}
        -:  389:
function isGameOver called 0 returned 0% blocks executed 0%
    #####:  390:int isGameOver(struct gameState *state) {
        -:  391:  int i;
        -:  392:  int j;
        -:  393:	
        -:  394:  //if stack of Province cards is empty, the game ends
    #####:  395:  if (state->supplyCount[province] == 0)
branch  0 never executed
branch  1 never executed
        -:  396:	{
    #####:  397:	  return 1;
        -:  398:	}
        -:  399:
        -:  400:  //if three supply pile are at 0, the game ends
    #####:  401:  j = 0;
    #####:  402:  for (i = 0; i < 25; i++)
branch  0 never executed
branch  1 never executed
        -:  403:	{
    #####:  404:	  if (state->supplyCount[i] == 0)
branch  0 never executed
branch  1 never executed
        -:  405:	{
    #####:  406:	  j++;
        -:  407:	}
        -:  408:	}
    #####:  409:  if ( j >= 3)
branch  0 never executed
branch  1 never executed
        -:  410:	{
    #####:  411:	  return 1;
        -:  412:	}
        -:  413:
    #####:  414:  return 0;
        -:  415:}
        -:  416:
function scoreFor called 0 returned 0% blocks executed 0%
    #####:  417:int scoreFor (int player, struct gameState *state) {
        -:  418:
        -:  419:  int i;
    #####:  420:  int score = 0;
        -:  421:  //score from hand
    #####:  422:  for (i = 0; i < state->handCount[player]; i++)
branch  0 never executed
branch  1 never executed
        -:  423:	{
    #####:  424:	  if (state->hand[player][i] == curse) { score = score - 1; };
branch  0 never executed
branch  1 never executed
    #####:  425:	  if (state->hand[player][i] == estate) { score = score + 1; };
branch  0 never executed
branch  1 never executed
    #####:  426:	  if (state->hand[player][i] == duchy) { score = score + 3; };
branch  0 never executed
branch  1 never executed
    #####:  427:	  if (state->hand[player][i] == province) { score = score + 6; };
branch  0 never executed
branch  1 never executed
    #####:  428:	  if (state->hand[player][i] == great_hall) { score = score + 1; };
branch  0 never executed
branch  1 never executed
    #####:  429:	  if (state->hand[player][i] == gardens) { score = score + ( fullDeckCount(player, 0, state) / 10 ); };
branch  0 never executed
branch  1 never executed
call    2 never executed
        -:  430:	}
        -:  431:
        -:  432:  //score from discard
    #####:  433:  for (i = 0; i < state->discardCount[player]; i++)
branch  0 never executed
branch  1 never executed
        -:  434:	{
    #####:  435:	  if (state->discard[player][i] == curse) { score = score - 1; };
branch  0 never executed
branch  1 never executed
    #####:  436:	  if (state->discard[player][i] == estate) { score = score + 1; };
branch  0 never executed
branch  1 never executed
    #####:  437:	  if (state->discard[player][i] == duchy) { score = score + 3; };
branch  0 never executed
branch  1 never executed
    #####:  438:	  if (state->discard[player][i] == province) { score = score + 6; };
branch  0 never executed
branch  1 never executed
    #####:  439:	  if (state->discard[player][i] == great_hall) { score = score + 1; };
branch  0 never executed
branch  1 never executed
    #####:  440:	  if (state->discard[player][i] == gardens) { score = score + ( fullDeckCount(player, 0, state) / 10 ); };
branch  0 never executed
branch  1 never executed
call    2 never executed
        -:  441:	}
        -:  442:
        -:  443:  //score from deck
    #####:  444:  for (i = 0; i < state->discardCount[player]; i++)
branch  0 never executed
branch  1 never executed
        -:  445:	{
    #####:  446:	  if (state->deck[player][i] == curse) { score = score - 1; };
branch  0 never executed
branch  1 never executed
    #####:  447:	  if (state->deck[player][i] == estate) { score = score + 1; };
branch  0 never executed
branch  1 never executed
    #####:  448:	  if (state->deck[player][i] == duchy) { score = score + 3; };
branch  0 never executed
branch  1 never executed
    #####:  449:	  if (state->deck[player][i] == province) { score = score + 6; };
branch  0 never executed
branch  1 never executed
    #####:  450:	  if (state->deck[player][i] == great_hall) { score = score + 1; };
branch  0 never executed
branch  1 never executed
    #####:  451:	  if (state->deck[player][i] == gardens) { score = score + ( fullDeckCount(player, 0, state) / 10 ); };
branch  0 never executed
branch  1 never executed
call    2 never executed
        -:  452:	}
        -:  453:
    #####:  454:  return score;
        -:  455:}
        -:  456:
function getWinners called 0 returned 0% blocks executed 0%
    #####:  457:int getWinners(int players[MAX_PLAYERS], struct gameState *state) {
        -:  458:  int i;	
        -:  459:  int j;
        -:  460:  int highScore;
        -:  461:  int currentPlayer;
        -:  462:
        -:  463:  //get score for each player
    #####:  464:  for (i = 0; i < MAX_PLAYERS; i++)
branch  0 never executed
branch  1 never executed
        -:  465:	{
        -:  466:	  //set unused player scores to -9999
    #####:  467:	  if (i >= state->numPlayers)
branch  0 never executed
branch  1 never executed
        -:  468:	{
    #####:  469:	  players[i] = -9999;
        -:  470:	}
        -:  471:	  else
        -:  472:	{
    #####:  473:	  players[i] = scoreFor (i, state);
call    0 never executed
        -:  474:	}
        -:  475:	}
        -:  476:
        -:  477:  //find highest score
    #####:  478:  j = 0;
    #####:  479:  for (i = 0; i < MAX_PLAYERS; i++)
branch  0 never executed
branch  1 never executed
        -:  480:	{
    #####:  481:	  if (players[i] > players[j])
branch  0 never executed
branch  1 never executed
        -:  482:	{
    #####:  483:	  j = i;
        -:  484:	}
        -:  485:	}
    #####:  486:  highScore = players[j];
        -:  487:
        -:  488:  //add 1 to players who had less turns
    #####:  489:  currentPlayer = whoseTurn(state);
call    0 never executed
    #####:  490:  for (i = 0; i < MAX_PLAYERS; i++)
branch  0 never executed
branch  1 never executed
        -:  491:	{
    #####:  492:	  if ( players[i] == highScore && i > currentPlayer )
branch  0 never executed
branch  1 never executed
branch  2 never executed
branch  3 never executed
        -:  493:	{
    #####:  494:	  players[i]++;
        -:  495:	}
        -:  496:	}
        -:  497:
        -:  498:  //find new highest score
    #####:  499:  j = 0;
    #####:  500:  for (i = 0; i < MAX_PLAYERS; i++)
branch  0 never executed
branch  1 never executed
        -:  501:	{
    #####:  502:	  if ( players[i] > players[j] )
branch  0 never executed
branch  1 never executed
        -:  503:	{
    #####:  504:	  j = i;
        -:  505:	}
        -:  506:	}
    #####:  507:  highScore = players[j];
        -:  508:
        -:  509:  //set winners in array to 1 and rest to 0
    #####:  510:  for (i = 0; i < MAX_PLAYERS; i++)
branch  0 never executed
branch  1 never executed
        -:  511:	{
    #####:  512:	  if ( players[i] == highScore )
branch  0 never executed
branch  1 never executed
        -:  513:	{
    #####:  514:	  players[i] = 1;
        -:  515:	}
        -:  516:	  else
        -:  517:	{
    #####:  518:	  players[i] = 0;
        -:  519:	}
        -:  520:	}
        -:  521:
    #####:  522:  return 0;
        -:  523:}
        -:  524:
function drawCard called 583065 returned 100% blocks executed 100%
   583065:  525:int drawCard(int player, struct gameState *state)
        -:  526:{	int count;
        -:  527:  int deckCounter;
   583065:  528:  if (state->deckCount[player] <= 0){//Deck is empty
branch  0 taken 1% (fallthrough)
branch  1 taken 99%
        -:  529:	
        -:  530:	//Step 1 Shuffle the discard pile back into a deck
        -:  531:	int i;
        -:  532:	//Move discard to deck
   258868:  533:	for (i = 0; i < state->discardCount[player];i++){
branch  0 taken 99%
branch  1 taken 1% (fallthrough)
   257693:  534:	  state->deck[player][i] = state->discard[player][i];
   257693:  535:	  state->discard[player][i] = -1;
        -:  536:	}
        -:  537:
     1175:  538:	state->deckCount[player] = state->discardCount[player];
     1175:  539:	state->discardCount[player] = 0;//Reset discard
        -:  540:
        -:  541:	//Shufffle the deck
     1175:  542:	shuffle(player, state);//Shuffle the deck up and make it so that we can draw
call    0 returned 100%
        -:  543:   
        -:  544:	if (DEBUG){//Debug statements
        -:  545:	  printf("Deck count now: %d\n", state->deckCount[player]);
        -:  546:	}
        -:  547:	
     1175:  548:	state->discardCount[player] = 0;
        -:  549:
        -:  550:	//Step 2 Draw Card
     1175:  551:	count = state->handCount[player];//Get current player's hand count
        -:  552:	
        -:  553:	if (DEBUG){//Debug statements
        -:  554:	  printf("Current hand count: %d\n", count);
        -:  555:	}
        -:  556:	
     1175:  557:	deckCounter = state->deckCount[player];//Create a holder for the deck count
        -:  558:
     1175:  559:	if (deckCounter == 0)
branch  0 taken 3% (fallthrough)
branch  1 taken 97%
       41:  560:	  return -1;
        -:  561:
     1134:  562:	state->hand[player][count] = state->deck[player][deckCounter - 1];//Add card to hand
     1134:  563:	state->deckCount[player]--;
     1134:  564:	state->handCount[player]++;//Increment hand count
        -:  565:  }
        -:  566:
        -:  567:  else{
   581890:  568:	int count = state->handCount[player];//Get current hand count for player
        -:  569:	int deckCounter;
        -:  570:	if (DEBUG){//Debug statements
        -:  571:	  printf("Current hand count: %d\n", count);
        -:  572:	}
        -:  573:
   581890:  574:	deckCounter = state->deckCount[player];//Create holder for the deck count
   581890:  575:	state->hand[player][count] = state->deck[player][deckCounter - 1];//Add card to the hand
   581890:  576:	state->deckCount[player]--;
   581890:  577:	state->handCount[player]++;//Increment hand count
        -:  578:  }
        -:  579:
   583024:  580:  return 0;
        -:  581:}
        -:  582:
function getCost called 0 returned 0% blocks executed 0%
    #####:  583:int getCost(int cardNumber)
        -:  584:{
    #####:  585:  switch( cardNumber ) 
branch  0 never executed
branch  1 never executed
branch  2 never executed
branch  3 never executed
branch  4 never executed
branch  5 never executed
branch  6 never executed
branch  7 never executed
branch  8 never executed
branch  9 never executed
branch 10 never executed
branch 11 never executed
branch 12 never executed
branch 13 never executed
branch 14 never executed
branch 15 never executed
branch 16 never executed
branch 17 never executed
branch 18 never executed
branch 19 never executed
branch 20 never executed
branch 21 never executed
branch 22 never executed
branch 23 never executed
branch 24 never executed
branch 25 never executed
branch 26 never executed
branch 27 never executed
        -:  586:	{
        -:  587:	case curse:
    #####:  588:	  return 0;
        -:  589:	case estate:
    #####:  590:	  return 2;
        -:  591:	case duchy:
    #####:  592:	  return 5;
        -:  593:	case province:
    #####:  594:	  return 8;
        -:  595:	case copper:
    #####:  596:	  return 0;
        -:  597:	case silver:
    #####:  598:	  return 3;
        -:  599:	case gold:
    #####:  600:	  return 6;
        -:  601:	case adventurer:
    #####:  602:	  return 6;
        -:  603:	case council_room:
    #####:  604:	  return 5;
        -:  605:	case feast:
    #####:  606:	  return 4;
        -:  607:	case gardens:
    #####:  608:	  return 4;
        -:  609:	case mine:
    #####:  610:	  return 5;
        -:  611:	case remodel:
    #####:  612:	  return 4;
        -:  613:	case smithy:
    #####:  614:	  return 4;
        -:  615:	case village:
    #####:  616:	  return 3;
        -:  617:	case baron:
    #####:  618:	  return 4;
        -:  619:	case great_hall:
    #####:  620:	  return 3;
        -:  621:	case minion:
    #####:  622:	  return 5;
        -:  623:	case steward:
    #####:  624:	  return 3;
        -:  625:	case tribute:
    #####:  626:	  return 5;
        -:  627:	case ambassador:
    #####:  628:	  return 3;
        -:  629:	case cutpurse:
    #####:  630:	  return 4;
        -:  631:	case embargo: 
    #####:  632:	  return 2;
        -:  633:	case outpost:
    #####:  634:	  return 5;
        -:  635:	case salvager:
    #####:  636:	  return 4;
        -:  637:	case sea_hag:
    #####:  638:	  return 4;
        -:  639:	case treasure_map:
    #####:  640:	  return 4;
        -:  641:	}
        -:  642:	
    #####:  643:  return -1;
        -:  644:}
        -:  645:
        -:  646:
function cardEffect called 60000 returned 100% blocks executed 4%
    60000:  647:int cardEffect(int card, int choice1, int choice2, int choice3, struct gameState *state, int handPos, int *bonus)
        -:  648:{
        -:  649:	int i;
        -:  650:	int j;
        -:  651:	int k;
        -:  652:	int index;
    60000:  653:	int currentPlayer = whoseTurn(state);
call    0 returned 100%
    60000:  654:	int nextPlayer = currentPlayer + 1;
        -:  655:
    60000:  656:	int tributeRevealedCards[2] = {-1, -1};
        -:  657:
    60000:  658:	if (nextPlayer > (state->numPlayers - 1)){
branch  0 taken 0% (fallthrough)
branch  1 taken 100%
    #####:  659:		nextPlayer = 0;
        -:  660:	}
        -:  661:
        -:  662:	//uses switch to select card and perform actions
    60000:  663:	switch( card ) 
branch  0 taken 33%
branch  1 taken 0%
branch  2 taken 0%
branch  3 taken 0%
branch  4 taken 0%
branch  5 taken 0%
branch  6 taken 33%
branch  7 taken 0%
branch  8 taken 0%
branch  9 taken 0%
branch 10 taken 33%
branch 11 taken 0%
branch 12 taken 0%
branch 13 taken 0%
branch 14 taken 0%
branch 15 taken 0%
branch 16 taken 0%
branch 17 taken 0%
branch 18 taken 0%
branch 19 taken 0%
        -:  664:	{
        -:  665:	case adventurer:
    20000:  666:		return adventurerEffect(state, currentPlayer);
call    0 returned 100%
        -:  667:			
        -:  668:	case council_room:
        -:  669:		//+4 Cards
    #####:  670:		for (i = 0; i < 4; i++){
branch  0 never executed
branch  1 never executed
    #####:  671:			drawCard(currentPlayer, state);
call    0 never executed
        -:  672:		}
        -:  673:				
        -:  674:		//+1 Buy
    #####:  675:		state->numBuys++;
        -:  676:				
        -:  677:		//Each other player draws a card
    #####:  678:		for (i = 0; i < state->numPlayers; i++){
branch  0 never executed
branch  1 never executed
    #####:  679:			if ( i != currentPlayer ){
branch  0 never executed
branch  1 never executed
    #####:  680:			  drawCard(i, state);
call    0 never executed
        -:  681:			}
        -:  682:		}
        -:  683:				
        -:  684:		//put played card in played card pile
    #####:  685:		discardCard(handPos, currentPlayer, state, 0);
call    0 never executed
        -:  686:				
    #####:  687:		return 0;
        -:  688:				
        -:  689:	case feast:
    #####:  690:		return feastEffect(state, currentPlayer, choice1);
call    0 never executed
        -:  691:
        -:  692:	case gardens:
    #####:  693:		return -1;
        -:  694:			
        -:  695:	case mine:
    #####:  696:		j = state->hand[currentPlayer][choice1];	//store card we will trash
        -:  697:
    #####:  698:		if (state->hand[currentPlayer][choice1] < copper || state->hand[currentPlayer][choice1] > gold)
branch  0 never executed
branch  1 never executed
branch  2 never executed
branch  3 never executed
        -:  699:		{
    #####:  700:			return -1;
        -:  701:		}
        -:  702:
    #####:  703:		if (choice2 > treasure_map || choice2 < curse)
branch  0 never executed
branch  1 never executed
branch  2 never executed
branch  3 never executed
        -:  704:		{
    #####:  705:			return -1;
        -:  706:		}
        -:  707:
    #####:  708:		if ( (getCost(state->hand[currentPlayer][choice1]) + 3) > getCost(choice2) )
call    0 never executed
call    1 never executed
branch  2 never executed
branch  3 never executed
        -:  709:		{
    #####:  710:			return -1;
        -:  711:		}
        -:  712:
    #####:  713:		gainCard(choice2, state, 2, currentPlayer);
call    0 never executed
        -:  714:
        -:  715:		//discard card from hand
    #####:  716:		discardCard(handPos, currentPlayer, state, 0);
call    0 never executed
        -:  717:
        -:  718:		//discard trashed card
    #####:  719:		for (i = 0; i < state->handCount[currentPlayer]; i++)
branch  0 never executed
branch  1 never executed
        -:  720:		{
    #####:  721:			if (state->hand[currentPlayer][i] == j)
branch  0 never executed
branch  1 never executed
        -:  722:			{
    #####:  723:				discardCard(i, currentPlayer, state, 0);			
call    0 never executed
    #####:  724:				break;
        -:  725:			}
        -:  726:		}
        -:  727:			
    #####:  728:		return 0;
        -:  729:			
        -:  730:	case remodel:
    #####:  731:		j = state->hand[currentPlayer][choice1];	//store card we will trash
        -:  732:
    #####:  733:		if ( (getCost(state->hand[currentPlayer][choice1]) + 2) > getCost(choice2) )
call    0 never executed
call    1 never executed
branch  2 never executed
branch  3 never executed
        -:  734:		{
    #####:  735:			return -1;
        -:  736:		}
        -:  737:
    #####:  738:		gainCard(choice2, state, 0, currentPlayer);
call    0 never executed
        -:  739:
        -:  740:		//discard card from hand
    #####:  741:		discardCard(handPos, currentPlayer, state, 0);
call    0 never executed
        -:  742:
        -:  743:		//discard trashed card
    #####:  744:		for (i = 0; i < state->handCount[currentPlayer]; i++)
branch  0 never executed
branch  1 never executed
        -:  745:		{
    #####:  746:			if (state->hand[currentPlayer][i] == j)
branch  0 never executed
branch  1 never executed
        -:  747:			{
    #####:  748:				discardCard(i, currentPlayer, state, 0);			
call    0 never executed
    #####:  749:				break;
        -:  750:			}
        -:  751:		}
        -:  752:
    #####:  753:		return 0;
        -:  754:		
        -:  755:	case smithy:
    20000:  756:		return smithyEffect(state, currentPlayer, handPos);
call    0 returned 100%
        -:  757:
        -:  758:	case baron:
    #####:  759:		return baronEffect(state, currentPlayer, choice1);
call    0 never executed
        -:  760:		
        -:  761:	case great_hall:
        -:  762:		//+1 Card
    #####:  763:		drawCard(currentPlayer, state);
call    0 never executed
        -:  764:			
        -:  765:		//+1 Actions
    #####:  766:		state->numActions++;
        -:  767:			
        -:  768:		//discard card from hand
    #####:  769:		discardCard(handPos, currentPlayer, state, 0);
call    0 never executed
    #####:  770:		return 0;
        -:  771:
        -:  772:	case minion:
        -:  773:		//+1 action
    #####:  774:		state->numActions++;
        -:  775:			
        -:  776:		//discard card from hand
    #####:  777:		discardCard(handPos, currentPlayer, state, 0);
call    0 never executed
        -:  778:			
    #####:  779:		if (choice1)		//+2 coins
branch  0 never executed
branch  1 never executed
        -:  780:		{
    #####:  781:			state->coins = state->coins + 2;
        -:  782:		}
        -:  783:			
    #####:  784:		else if (choice2)		//discard hand, redraw 4, other players with 5+ cards discard hand and draw 4
branch  0 never executed
branch  1 never executed
        -:  785:		{
        -:  786:			//discard hand
    #####:  787:			while(numHandCards(state) > 0)
call    0 never executed
branch  1 never executed
branch  2 never executed
        -:  788:			{
    #####:  789:			  discardCard(handPos, currentPlayer, state, 0);
call    0 never executed
        -:  790:			}
        -:  791:					
        -:  792:			//draw 4
    #####:  793:			for (i = 0; i < 4; i++)
branch  0 never executed
branch  1 never executed
        -:  794:			{
    #####:  795:			  drawCard(currentPlayer, state);
call    0 never executed
        -:  796:			}
        -:  797:					
        -:  798:			//other players discard hand and redraw if hand size > 4
    #####:  799:			for (i = 0; i < state->numPlayers; i++)
branch  0 never executed
branch  1 never executed
        -:  800:			{
    #####:  801:				if (i != currentPlayer)
branch  0 never executed
branch  1 never executed
        -:  802:				{
    #####:  803:					if ( state->handCount[i] > 4 )
branch  0 never executed
branch  1 never executed
        -:  804:					{
        -:  805:						//discard hand
    #####:  806:						while( state->handCount[i] > 0 )
branch  0 never executed
branch  1 never executed
        -:  807:						{
    #####:  808:							discardCard(handPos, i, state, 0);
call    0 never executed
        -:  809:						}
        -:  810:								
        -:  811:						//draw 4
    #####:  812:						for (j = 0; j < 4; j++)
branch  0 never executed
branch  1 never executed
        -:  813:						{
    #####:  814:							drawCard(i, state);
call    0 never executed
        -:  815:						}
        -:  816:					}
        -:  817:				}
        -:  818:			}	
        -:  819:		}
    #####:  820:		return 0;
        -:  821:
        -:  822:	case steward:
    20000:  823:		return stewardEffect(state, currentPlayer, handPos, choice1, choice2, choice3);
call    0 returned 100%
        -:  824:
        -:  825:	case tribute:
    #####:  826:		if ((state->discardCount[nextPlayer] + state->deckCount[nextPlayer]) <= 1){
branch  0 never executed
branch  1 never executed
    #####:  827:			if (state->deckCount[nextPlayer] > 0){
branch  0 never executed
branch  1 never executed
    #####:  828:				tributeRevealedCards[0] = state->deck[nextPlayer][state->deckCount[nextPlayer]-1];
    #####:  829:				state->deckCount[nextPlayer]--;
        -:  830:			}
    #####:  831:			else if (state->discardCount[nextPlayer] > 0){
branch  0 never executed
branch  1 never executed
    #####:  832:				tributeRevealedCards[0] = state->discard[nextPlayer][state->discardCount[nextPlayer]-1];
    #####:  833:				state->discardCount[nextPlayer]--;
        -:  834:			}
        -:  835:			else{
        -:  836:				//No Card to Reveal
        -:  837:				if (DEBUG){
        -:  838:					printf("No cards to reveal\n");
        -:  839:				}
        -:  840:			}
        -:  841:		}
        -:  842:		else{
    #####:  843:			if (state->deckCount[nextPlayer] == 0){
branch  0 never executed
branch  1 never executed
    #####:  844:				for (i = 0; i < state->discardCount[nextPlayer]; i++){
branch  0 never executed
branch  1 never executed
    #####:  845:					state->deck[nextPlayer][i] = state->discard[nextPlayer][i];//Move to deck
    #####:  846:					state->deckCount[nextPlayer]++;
    #####:  847:					state->discard[nextPlayer][i] = -1;
    #####:  848:					state->discardCount[nextPlayer]--;
        -:  849:				}
    #####:  850:				shuffle(nextPlayer,state);//Shuffle the deck
call    0 never executed
        -:  851:			} 
    #####:  852:			tributeRevealedCards[0] = state->deck[nextPlayer][state->deckCount[nextPlayer]-1];
    #####:  853:			state->deck[nextPlayer][state->deckCount[nextPlayer]--] = -1;
    #####:  854:			state->deckCount[nextPlayer]--;
    #####:  855:			tributeRevealedCards[1] = state->deck[nextPlayer][state->deckCount[nextPlayer]-1];
    #####:  856:			state->deck[nextPlayer][state->deckCount[nextPlayer]--] = -1;
    #####:  857:			state->deckCount[nextPlayer]--;
        -:  858:		}	   
        -:  859:			   
    #####:  860:		if (tributeRevealedCards[0] == tributeRevealedCards[1]){//If we have a duplicate card, just drop one 
branch  0 never executed
branch  1 never executed
    #####:  861:			state->playedCards[state->playedCardCount] = tributeRevealedCards[1];
    #####:  862:			state->playedCardCount++;
    #####:  863:			tributeRevealedCards[1] = -1;
        -:  864:		}
        -:  865:
    #####:  866:		for (i = 0; i <= 2; i ++){
branch  0 never executed
branch  1 never executed
    #####:  867:			if (tributeRevealedCards[i] == copper || tributeRevealedCards[i] == silver || tributeRevealedCards[i] == gold){//Treasure cards
branch  0 never executed
branch  1 never executed
branch  2 never executed
branch  3 never executed
branch  4 never executed
branch  5 never executed
    #####:  868:				state->coins += 2;
        -:  869:			}	
    #####:  870:			else if (tributeRevealedCards[i] == estate || tributeRevealedCards[i] == duchy || tributeRevealedCards[i] == province || tributeRevealedCards[i] == gardens || tributeRevealedCards[i] == great_hall){//Victory Card Found
branch  0 never executed
branch  1 never executed
branch  2 never executed
branch  3 never executed
branch  4 never executed
branch  5 never executed
branch  6 never executed
branch  7 never executed
branch  8 never executed
branch  9 never executed
    #####:  871:				drawCard(currentPlayer, state);
call    0 never executed
    #####:  872:				drawCard(currentPlayer, state);
call    0 never executed
        -:  873:			}
        -:  874:			else{//Action Card
    #####:  875:				state->numActions = state->numActions + 2;
        -:  876:			}
        -:  877:		}
        -:  878:
    #####:  879:		return 0;
        -:  880:		
        -:  881:	case ambassador:
    #####:  882:		j = 0;		//used to check if player has enough cards to discard
        -:  883:
    #####:  884:		if (choice2 > 2 || choice2 < 0)
branch  0 never executed
branch  1 never executed
branch  2 never executed
branch  3 never executed
        -:  885:		{
    #####:  886:			return -1;				
        -:  887:		}
        -:  888:
    #####:  889:		if (choice1 == handPos)
branch  0 never executed
branch  1 never executed
        -:  890:		{
    #####:  891:			return -1;
        -:  892:		}
        -:  893:
    #####:  894:		for (i = 0; i < state->handCount[currentPlayer]; i++)
branch  0 never executed
branch  1 never executed
        -:  895:		{
    #####:  896:			if (i != handPos && i == state->hand[currentPlayer][choice1] && i != choice1)
branch  0 never executed
branch  1 never executed
branch  2 never executed
branch  3 never executed
branch  4 never executed
branch  5 never executed
        -:  897:			{
    #####:  898:				j++;
        -:  899:			}
        -:  900:		}
    #####:  901:		if (j < choice2)
branch  0 never executed
branch  1 never executed
        -:  902:		{
    #####:  903:			return -1;				
        -:  904:		}
        -:  905:
        -:  906:		if (DEBUG) 
        -:  907:			printf("Player %d reveals card number: %d\n", currentPlayer, state->hand[currentPlayer][choice1]);
        -:  908:
        -:  909:		//increase supply count for choosen card by amount being discarded
    #####:  910:		state->supplyCount[state->hand[currentPlayer][choice1]] += choice2;
        -:  911:			
        -:  912:		//each other player gains a copy of revealed card
    #####:  913:		for (i = 0; i < state->numPlayers; i++)
branch  0 never executed
branch  1 never executed
        -:  914:		{
    #####:  915:			if (i != currentPlayer)
branch  0 never executed
branch  1 never executed
        -:  916:			{
    #####:  917:				gainCard(state->hand[currentPlayer][choice1], state, 0, i);
call    0 never executed
        -:  918:			}
        -:  919:		}
        -:  920:
        -:  921:		//discard played card from hand
    #####:  922:		discardCard(handPos, currentPlayer, state, 0);			
call    0 never executed
        -:  923:
        -:  924:		//trash copies of cards returned to supply
    #####:  925:		for (j = 0; j < choice2; j++)
branch  0 never executed
branch  1 never executed
        -:  926:		{
    #####:  927:			for (i = 0; i < state->handCount[currentPlayer]; i++)
branch  0 never executed
branch  1 never executed
        -:  928:			{
    #####:  929:				if (state->hand[currentPlayer][i] == state->hand[currentPlayer][choice1])
branch  0 never executed
branch  1 never executed
        -:  930:				{
    #####:  931:					discardCard(i, currentPlayer, state, 1);
call    0 never executed
    #####:  932:					break;
        -:  933:				}
        -:  934:			}
        -:  935:		}			
    #####:  936:		return 0;
        -:  937:		
        -:  938:	case cutpurse:
    #####:  939:		updateCoins(currentPlayer, state, 2);
call    0 never executed
    #####:  940:		for (i = 0; i < state->numPlayers; i++)
branch  0 never executed
branch  1 never executed
        -:  941:		{
    #####:  942:			if (i != currentPlayer)
branch  0 never executed
branch  1 never executed
        -:  943:			{
    #####:  944:				for (j = 0; j < state->handCount[i]; j++)
branch  0 never executed
branch  1 never executed
        -:  945:				{
    #####:  946:					if (state->hand[i][j] == copper)
branch  0 never executed
branch  1 never executed
        -:  947:					{
    #####:  948:					discardCard(j, i, state, 0);
call    0 never executed
    #####:  949:					break;
        -:  950:					}
    #####:  951:					if (j == state->handCount[i])
branch  0 never executed
branch  1 never executed
        -:  952:					{
    #####:  953:						for (k = 0; k < state->handCount[i]; k++)
branch  0 never executed
branch  1 never executed
        -:  954:						{
        -:  955:							if (DEBUG)
        -:  956:								printf("Player %d reveals card number %d\n", i, state->hand[i][k]);
        -:  957:						}	
    #####:  958:						break;
        -:  959:					}		
        -:  960:				}		
        -:  961:			}
        -:  962:		}				
        -:  963:
        -:  964:		//discard played card from hand
    #####:  965:		discardCard(handPos, currentPlayer, state, 0);			
call    0 never executed
        -:  966:
    #####:  967:		return 0;
        -:  968:
        -:  969:	case embargo: 
        -:  970:		//+2 Coins
    #####:  971:		state->coins = state->coins + 2;
        -:  972:			
        -:  973:		//see if selected pile is in play
    #####:  974:		if ( state->supplyCount[choice1] == -1 )
branch  0 never executed
branch  1 never executed
        -:  975:		{
    #####:  976:			return -1;
        -:  977:		}
        -:  978:			
        -:  979:		//add embargo token to selected supply pile
    #####:  980:		state->embargoTokens[choice1]++;
        -:  981:			
        -:  982:		//trash card
    #####:  983:		discardCard(handPos, currentPlayer, state, 1);		
call    0 never executed
    #####:  984:		return 0;
        -:  985:		
        -:  986:	case outpost:
        -:  987:		//set outpost flag
    #####:  988:		state->outpostPlayed++;
        -:  989:			
        -:  990:		//discard card
    #####:  991:		discardCard(handPos, currentPlayer, state, 0);
call    0 never executed
    #####:  992:		return 0;
        -:  993:		
        -:  994:	case salvager:
        -:  995:		//+1 buy
    #####:  996:		state->numBuys++;
        -:  997:			
    #####:  998:		if (choice1)
branch  0 never executed
branch  1 never executed
        -:  999:		{
        -: 1000:			//gain coins equal to trashed card
    #####: 1001:			state->coins = state->coins + getCost( handCard(choice1, state) );
call    0 never executed
call    1 never executed
        -: 1002:			//trash card
    #####: 1003:			discardCard(choice1, currentPlayer, state, 1);	
call    0 never executed
        -: 1004:		}
        -: 1005:			
        -: 1006:		//discard card
    #####: 1007:		discardCard(handPos, currentPlayer, state, 0);
call    0 never executed
    #####: 1008:		return 0;
        -: 1009:		
        -: 1010:	case sea_hag:
    #####: 1011:		for (i = 0; i < state->numPlayers; i++){
branch  0 never executed
branch  1 never executed
    #####: 1012:			if (i != currentPlayer){
branch  0 never executed
branch  1 never executed
    #####: 1013:				state->discard[i][state->discardCount[i]] = state->deck[i][state->deckCount[i]--];				state->deckCount[i]--;
    #####: 1014:				state->discardCount[i]++;
    #####: 1015:				state->deck[i][state->deckCount[i]--] = curse;//Top card now a curse
        -: 1016:			}
        -: 1017:		}
    #####: 1018:		return 0;
        -: 1019:		
        -: 1020:	case treasure_map:
        -: 1021:		//search hand for another treasure_map
    #####: 1022:		index = -1;
    #####: 1023:		for (i = 0; i < state->handCount[currentPlayer]; i++)
branch  0 never executed
branch  1 never executed
        -: 1024:		{
    #####: 1025:			if (state->hand[currentPlayer][i] == treasure_map && i != handPos)
branch  0 never executed
branch  1 never executed
branch  2 never executed
branch  3 never executed
        -: 1026:			{
    #####: 1027:				index = i;
    #####: 1028:				break;
        -: 1029:			}
        -: 1030:		}
    #####: 1031:		if (index > -1)
branch  0 never executed
branch  1 never executed
        -: 1032:		{
        -: 1033:			//trash both treasure cards
    #####: 1034:			discardCard(handPos, currentPlayer, state, 1);
call    0 never executed
    #####: 1035:			discardCard(index, currentPlayer, state, 1);
call    0 never executed
        -: 1036:
        -: 1037:			//gain 4 Gold cards
    #####: 1038:			for (i = 0; i < 4; i++)
branch  0 never executed
branch  1 never executed
        -: 1039:			{
    #####: 1040:				gainCard(gold, state, 1, currentPlayer);
call    0 never executed
        -: 1041:			}
        -: 1042:					
        -: 1043:			//return success
    #####: 1044:			return 1;
        -: 1045:		}
        -: 1046:			
        -: 1047:		//no second treasure_map found in hand
    #####: 1048:		return -1;
        -: 1049:	}
    #####: 1050:	return -1;
        -: 1051:}
        -: 1052:
        -: 1053:// The current player draws three additional cards from their pile, 
        -: 1054:// then discards their smithy card
function smithyEffect called 20000 returned 100% blocks executed 100%
    20000: 1055:int smithyEffect(struct gameState *state, int currentPlayer, int handPos) {
        -: 1056:	int i;
        -: 1057:	//+3 Cards *BUG - actually draws 4
   100000: 1058:	for (i = 0; i <= 3; i++)
branch  0 taken 80%
branch  1 taken 20% (fallthrough)
        -: 1059:	{
    80000: 1060:		drawCard(currentPlayer, state);
call    0 returned 100%
        -: 1061:	}
        -: 1062:
        -: 1063:	//discard card from hand
    20000: 1064:	discardCard(handPos, currentPlayer, state, 0);
call    0 returned 100%
    20000: 1065:	return 0;
        -: 1066:}
        -: 1067:
        -: 1068:// The player draws cards until they get two treasure cards. The treasure cards are added
        -: 1069:// to the deck and the other drawn cards are discarded.
function adventurerEffect called 20000 returned 100% blocks executed 93%
    20000: 1070:int adventurerEffect(struct gameState *state, int currentPlayer) {
    20000: 1071:	int drawntreasure = 0;
        -: 1072:	int cardDrawn;
        -: 1073:	int temphand[MAX_HAND];
    20000: 1074:	int z = 0;// this is the counter for the temp hand
        -: 1075:	
   229903: 1076:	while(drawntreasure<2){ 
branch  0 taken 90%
branch  1 taken 10% (fallthrough)
   189903: 1077:		if (state->deckCount[currentPlayer] <1){//if the deck is empty we need to shuffle discard and add to deck
branch  0 taken 1% (fallthrough)
branch  1 taken 99%
     1175: 1078:			shuffle(currentPlayer, state);
call    0 returned 100%
        -: 1079:		}
   189903: 1080:		drawCard(currentPlayer, state);
call    0 returned 100%
   189903: 1081:		cardDrawn = state->hand[currentPlayer][state->handCount[currentPlayer]-1];//top card of hand is most recently drawn card.
   189903: 1082:		if (cardDrawn == copper || cardDrawn == silver || cardDrawn == gold)
branch  0 taken 93% (fallthrough)
branch  1 taken 7%
branch  2 taken 92% (fallthrough)
branch  3 taken 8%
branch  4 taken 8% (fallthrough)
branch  5 taken 92%
    40000: 1083:			drawntreasure++;
        -: 1084:		else{
   149903: 1085:			temphand[z]=cardDrawn;
   149903: 1086:			state->handCount[currentPlayer]--; //this should just remove the top card (the most recently drawn one).
        -: 1087:			// BUG - forgot to increment card count.
        -: 1088:			//z++;
        -: 1089:		}
        -: 1090:	}
    40000: 1091:	while(z-1>=0){
branch  0 taken 0%
branch  1 taken 100% (fallthrough)
    #####: 1092:		state->discard[currentPlayer][state->discardCount[currentPlayer]++]=temphand[z-1]; // discard all cards in play that have been drawn
    #####: 1093:		z=z-1;
        -: 1094:	}
    20000: 1095:	return 0;
        -: 1096:}
        -: 1097:
        -: 1098:// The feast card gets trashed and the purchased card goes into discard pile
function feastEffect called 0 returned 0% blocks executed 0%
    #####: 1099:int feastEffect(struct gameState *state, int currentPlayer, int choice) {
        -: 1100:	int temphand[MAX_HAND];
        -: 1101:	int i; // For loop counter variable
        -: 1102:	
        -: 1103:	//gain card with cost up to 5
        -: 1104:	
        -: 1105:	//Backup hand *BUG - removed curly braces
    #####: 1106:	for (i = 0; i <= state->handCount[currentPlayer]; i++)//{
branch  0 never executed
branch  1 never executed
    #####: 1107:		temphand[i] = state->hand[currentPlayer][i];//Backup card
    #####: 1108:		state->hand[currentPlayer][i] = -1;//Set to nothing
        -: 1109:	//}
        -: 1110:	//Backup hand
        -: 1111:
        -: 1112:	//Update Coins for Buy
    #####: 1113:	updateCoins(currentPlayer, state, 5);
call    0 never executed
    #####: 1114:	int x = 1;//Condition to loop on
    #####: 1115:	while( x == 1) {//Buy one card
branch  0 never executed
branch  1 never executed
    #####: 1116:		if (supplyCount(choice, state) <= 0){
call    0 never executed
branch  1 never executed
branch  2 never executed
        -: 1117:			if (DEBUG)
        -: 1118:				printf("None of that card left, sorry!\n");
        -: 1119:			if (DEBUG){
        -: 1120:				printf("Cards Left: %d\n", supplyCount(choice, state));
        -: 1121:			}
        -: 1122:		}
    #####: 1123:		else if (state->coins < getCost(choice)){
call    0 never executed
branch  1 never executed
branch  2 never executed
    #####: 1124:			printf("That card is too expensive!\n");
call    0 never executed
        -: 1125:
        -: 1126:			if (DEBUG){
        -: 1127:				printf("Coins: %d < %d\n", state->coins, getCost(choice));
        -: 1128:			}
        -: 1129:		}
        -: 1130:		else{
        -: 1131:			if (DEBUG){
        -: 1132:				printf("Deck Count: %d\n", state->handCount[currentPlayer] + state->deckCount[currentPlayer] + state->discardCount[currentPlayer]);
        -: 1133:			}
        -: 1134:
    #####: 1135:			gainCard(choice, state, 0, currentPlayer);//Gain the card
call    0 never executed
    #####: 1136:			x = 0;//No more buying cards
        -: 1137:
        -: 1138:			if (DEBUG){
        -: 1139:				printf("Deck Count: %d\n", state->handCount[currentPlayer] + state->deckCount[currentPlayer] + state->discardCount[currentPlayer]);
        -: 1140:			}
        -: 1141:		}
        -: 1142:	}		
        -: 1143:
        -: 1144:	//Reset Hand
    #####: 1145:	for (i = 0; i <= state->handCount[currentPlayer]; i++){
branch  0 never executed
branch  1 never executed
    #####: 1146:		state->hand[currentPlayer][i] = temphand[i];
    #####: 1147:		temphand[i] = -1;
        -: 1148:	}
        -: 1149:	//Reset Hand
        -: 1150:			
    #####: 1151:	return 0;
        -: 1152:}
        -: 1153:
        -: 1154:// The player chooses either to add two cards to their hand, add two coin
        -: 1155:// toward their buy or trash two cards from their hand.
function stewardEffect called 20000 returned 100% blocks executed 100%
    20000: 1156:int stewardEffect(struct gameState *state, 
        -: 1157:					  int currentPlayer, 
        -: 1158:					  int handPos,
        -: 1159:					  int optionChoice, 
        -: 1160:					  int trashChoice1, 
        -: 1161:					  int trashChoice2) {
    20000: 1162:	if (optionChoice == 1)
branch  0 taken 33% (fallthrough)
branch  1 taken 67%
        -: 1163:	{
        -: 1164:		//+2 cards
     6581: 1165:		drawCard(currentPlayer, state);
call    0 returned 100%
     6581: 1166:		drawCard(currentPlayer, state);
call    0 returned 100%
        -: 1167:	}
    13419: 1168:	else if (optionChoice == 2)
branch  0 taken 50% (fallthrough)
branch  1 taken 50%
        -: 1169:	{
        -: 1170:		//+2 coins
     6693: 1171:		state->coins = state->coins + 2;
        -: 1172:	}
        -: 1173:	else
        -: 1174:	{
        -: 1175:		//trash 2 cards in hand *BUG - cleared trash flag
     6726: 1176:		discardCard(trashChoice1, currentPlayer, state, /*1*/0);
call    0 returned 100%
     6726: 1177:		discardCard(trashChoice2, currentPlayer, state, /*1*/0);
call    0 returned 100%
        -: 1178:	}
        -: 1179:		
        -: 1180:	//discard card from hand
    20000: 1181:	discardCard(handPos, currentPlayer, state, 0);
call    0 returned 100%
    20000: 1182:	return 0;
        -: 1183:}
        -: 1184:
        -: 1185:// Gives one additional buy and allows the player to choose between discarding an estate
        -: 1186:// in exchange for 4 coin or gaining an estate
function baronEffect called 0 returned 0% blocks executed 0%
    #####: 1187:int baronEffect(struct gameState *state, int currentPlayer, int optionChoice) {
    #####: 1188:	state->numBuys++;//Increase buys by 1!
    #####: 1189:	if (optionChoice > 0){//Boolean true or going to discard an estate
branch  0 never executed
branch  1 never executed
    #####: 1190:		int p = 0;//Iterator for hand!
    #####: 1191:		int card_not_discarded = 1;//Flag for discard set!
    #####: 1192:		while(card_not_discarded){
branch  0 never executed
branch  1 never executed
    #####: 1193:			if (state->hand[currentPlayer][p] == estate){//Found an estate card!
branch  0 never executed
branch  1 never executed
    #####: 1194:				state->coins += 4;//Add 4 coins to the amount of coins
    #####: 1195:				state->discard[currentPlayer][state->discardCount[currentPlayer]] = state->hand[currentPlayer][p];
    #####: 1196:				state->discardCount[currentPlayer]++;
    #####: 1197:				for (;p < state->handCount[currentPlayer]; p++){
branch  0 never executed
branch  1 never executed
    #####: 1198:					state->hand[currentPlayer][p] = state->hand[currentPlayer][p+1];
        -: 1199:				}
    #####: 1200:				state->hand[currentPlayer][state->handCount[currentPlayer]] = -1;
    #####: 1201:				state->handCount[currentPlayer]--;
    #####: 1202:				card_not_discarded = 0;//Exit the loop
        -: 1203:			}
    #####: 1204:			else if (p > state->handCount[currentPlayer]){
branch  0 never executed
branch  1 never executed
        -: 1205:				if(DEBUG) {
        -: 1206:					printf("No estate cards in your hand, invalid choice\n");
        -: 1207:					printf("Must gain an estate if there are any\n");
        -: 1208:				}
    #####: 1209:				if (supplyCount(estate, state) > 0){
call    0 never executed
branch  1 never executed
branch  2 never executed
    #####: 1210:					gainCard(estate, state, 0, currentPlayer);
call    0 never executed
    #####: 1211:					state->supplyCount[estate]--;//Decrement estates
    #####: 1212:					if (supplyCount(estate, state) == 0){
call    0 never executed
branch  1 never executed
branch  2 never executed
    #####: 1213:						isGameOver(state);
call    0 never executed
        -: 1214:					}
        -: 1215:				}
    #####: 1216:				card_not_discarded = 0;//Exit the loop
        -: 1217:			}
        -: 1218:			else{
    #####: 1219:				p++;//Next card
        -: 1220:			}
        -: 1221:		}
        -: 1222:	}
        -: 1223:	else{
    #####: 1224:		if (supplyCount(estate, state) > 0){
call    0 never executed
branch  1 never executed
branch  2 never executed
    #####: 1225:			gainCard(estate, state, 0, currentPlayer);//Gain an estate
call    0 never executed
    #####: 1226:			state->supplyCount[estate]--;//Decrement Estates
    #####: 1227:			if (supplyCount(estate, state) == 0){
call    0 never executed
branch  1 never executed
branch  2 never executed
    #####: 1228:				isGameOver(state);
call    0 never executed
        -: 1229:			}
        -: 1230:		}
        -: 1231:	}
        -: 1232:
    #####: 1233:	return 0;
        -: 1234:}
        -: 1235:
function discardCard called 53452 returned 100% blocks executed 89%
    53452: 1236:int discardCard(int handPos, int currentPlayer, struct gameState *state, int trashFlag)
        -: 1237:{
        -: 1238:	
        -: 1239:  //if card is not trashed, added to Played pile 
    53452: 1240:  if (trashFlag < 1)
branch  0 taken 100% (fallthrough)
branch  1 taken 0%
        -: 1241:	{
        -: 1242:	  //add card to played pile
    53452: 1243:	  state->playedCards[state->playedCardCount] = state->hand[currentPlayer][handPos]; 
    53452: 1244:	  state->playedCardCount++;
        -: 1245:	}
        -: 1246:	
        -: 1247:  //set played card to -1
    53452: 1248:  state->hand[currentPlayer][handPos] = -1;
        -: 1249:	
        -: 1250:  //remove card from player's hand
    53452: 1251:  if ( handPos == (state->handCount[currentPlayer] - 1) )	//last card in hand array is played
branch  0 taken 5% (fallthrough)
branch  1 taken 95%
        -: 1252:	{
        -: 1253:	  //reduce number of cards in hand
     2709: 1254:	  state->handCount[currentPlayer]--;
        -: 1255:	}
    50743: 1256:  else if ( state->handCount[currentPlayer] == 1 ) //only one card in hand
branch  0 taken 0% (fallthrough)
branch  1 taken 100%
        -: 1257:	{
        -: 1258:	  //reduce number of cards in hand
    #####: 1259:	  state->handCount[currentPlayer]--;
        -: 1260:	}
        -: 1261:  else	
        -: 1262:	{
        -: 1263:	  //replace discarded card with last card in hand
    50743: 1264:	  state->hand[currentPlayer][handPos] = state->hand[currentPlayer][ (state->handCount[currentPlayer] - 1)];
        -: 1265:	  //set last card to -1
    50743: 1266:	  state->hand[currentPlayer][state->handCount[currentPlayer] - 1] = -1;
        -: 1267:	  //reduce number of cards in hand
    50743: 1268:	  state->handCount[currentPlayer]--;
        -: 1269:	}
        -: 1270:	
    53452: 1271:  return 0;
        -: 1272:}
        -: 1273:
function gainCard called 0 returned 0% blocks executed 0%
    #####: 1274:int gainCard(int supplyPos, struct gameState *state, int toFlag, int player)
        -: 1275:{
        -: 1276:  //Note: supplyPos is enum of choosen card
        -: 1277:	
        -: 1278:  //check if supply pile is empty (0) or card is not used in game (-1)
    #####: 1279:  if ( supplyCount(supplyPos, state) < 1 )
call    0 never executed
branch  1 never executed
branch  2 never executed
        -: 1280:	{
    #####: 1281:	  return -1;
        -: 1282:	}
        -: 1283:	
        -: 1284:  //added card for [whoseTurn] current player:
        -: 1285:  // toFlag = 0 : add to discard
        -: 1286:  // toFlag = 1 : add to deck
        -: 1287:  // toFlag = 2 : add to hand
        -: 1288:
    #####: 1289:  if (toFlag == 1)
branch  0 never executed
branch  1 never executed
        -: 1290:	{
    #####: 1291:	  state->deck[ player ][ state->deckCount[player] ] = supplyPos;
    #####: 1292:	  state->deckCount[player]++;
        -: 1293:	}
    #####: 1294:  else if (toFlag == 2)
branch  0 never executed
branch  1 never executed
        -: 1295:	{
    #####: 1296:	  state->hand[ player ][ state->handCount[player] ] = supplyPos;
    #####: 1297:	  state->handCount[player]++;
        -: 1298:	}
        -: 1299:  else
        -: 1300:	{
    #####: 1301:	  state->discard[player][ state->discardCount[player] ] = supplyPos;
    #####: 1302:	  state->discardCount[player]++;
        -: 1303:	}
        -: 1304:	
        -: 1305:  //decrease number in supply pile
    #####: 1306:  state->supplyCount[supplyPos]--;
        -: 1307:	 
    #####: 1308:  return 0;
        -: 1309:}
        -: 1310:
function updateCoins called 120000 returned 100% blocks executed 100%
   120000: 1311:int updateCoins(int player, struct gameState *state, int bonus)
        -: 1312:{
        -: 1313:  int i;
        -: 1314:	
        -: 1315:  //reset coin count
   120000: 1316:  state->coins = 0;
        -: 1317:
        -: 1318:  //add coins for each Treasure card in player's hand
  5751672: 1319:  for (i = 0; i < state->handCount[player]; i++)
branch  0 taken 98%
branch  1 taken 2% (fallthrough)
        -: 1320:	{
  5631672: 1321:	  if (state->hand[player][i] == copper)
branch  0 taken 22% (fallthrough)
branch  1 taken 78%
        -: 1322:	{
  1228719: 1323:	  state->coins += 1;
        -: 1324:	}
  4402953: 1325:	  else if (state->hand[player][i] == silver)
branch  0 taken 19% (fallthrough)
branch  1 taken 81%
        -: 1326:	{
   850314: 1327:	  state->coins += 2;
        -: 1328:	}
  3552639: 1329:	  else if (state->hand[player][i] == gold)
branch  0 taken 24% (fallthrough)
branch  1 taken 76%
        -: 1330:	{
   850508: 1331:	  state->coins += 3;
        -: 1332:	}	
        -: 1333:	}	
        -: 1334:
        -: 1335:  //add bonus
   120000: 1336:  state->coins += bonus;
        -: 1337:
   120000: 1338:  return 0;
        -: 1339:}
        -: 1340:
        -: 1341:
        -: 1342://end of dominion.c
